Programa u:\fwsu\prg\cust_afip.prg tiene los siguientes errores:
    Biblioteca de clases visuales AFIP_ANSES - Indefinido

Biblioteca de clases visuales t:\...\setup\program files\microsoft visual foxpro 9\wizards\wizbtns.vcx tiene los siguientes errores:
    Archivo WZLOCATE.BMP - Indefinido
    Archivo WZLOCATE.MSK - Indefinido
    Archivo WZPRINT.BMP - Indefinido
    Archivo WZPRINT.MSK - Indefinido
    Archivo WZCLOSE.BMP - Indefinido
    Archivo WZCLOSE.MSK - Indefinido
    Archivo WZNEW.BMP - Indefinido
    Archivo WZNEW.MSK - Indefinido
    Archivo WZDELETE.BMP - Indefinido
    Archivo WZDELETE.MSK - Indefinido

Biblioteca de clases visuales t:\...\setup\program files\microsoft visual foxpro 9\wizards\_framewk.vcx tiene los siguientes errores:
    Biblioteca de clases visuales _BASE - Indefinido
    Archivo BROWSE.BMP - Indefinido
    Archivo BROWSE.MSK - Indefinido
    Biblioteca de clases visuales _UI - Indefinido
    Archivo TOP.MSK - Indefinido
    Archivo PREVIOUS.BMP - Indefinido
    Archivo PREVIOUS.MSK - Indefinido
    Archivo NEXT.BMP - Indefinido
    Archivo NEXT.MSK - Indefinido
    Archivo BOTTOM.BMP - Indefinido
    Archivo BOTTOM.MSK - Indefinido
    Archivo SORTASC.BMP - Indefinido
    Archivo SORTASC.MSK - Indefinido
    Archivo SORTDES.BMP - Indefinido
    Archivo SORTDES.MSK - Indefinido
    Archivo FILTER.BMP - Indefinido
    Archivo FILTER.MSK - Indefinido
    Archivo NEW.BMP - Indefinido
    Archivo NEW.MSK - Indefinido
    Archivo OPEN.BMP - Indefinido
    Archivo OPEN.MSK - Indefinido
    Archivo SAVE.BMP - Indefinido
    Archivo SAVE.MSK - Indefinido
    Archivo REVERT.BMP - Indefinido
    Archivo REVERT.MSK - Indefinido
    Archivo PRINT.MSK - Indefinido
    Archivo CUT.BMP - Indefinido
    Archivo CUT.MSK - Indefinido
    Archivo COPY.BMP - Indefinido
    Archivo COPY.MSK - Indefinido
    Archivo PASTE.BMP - Indefinido
    Archivo PASTE.MSK - Indefinido
    Archivo HELP.BMP - Indefinido
    Archivo HELP.MSK - Indefinido
    Biblioteca de clases visuales _APP - Indefinido
    Biblioteca de clases visuales _TABLE - Indefinido

