Programa c:\fwsu\prg\lsind-santa-fe.prg tiene los siguientes errores:
    Informe LSTMISIONES - Indefinido

Programa c:\fwsu\prg\lsin.prg tiene los siguientes errores:
    Informe LSTMISIONES - Indefinido

Programa c:\fwsu\prg\cust_afip.prg tiene los siguientes errores:
    Biblioteca de clases visuales AFIP_ANSES - Indefinido

Programa c:\fwsu\prg\imprimetexto.prg tiene los siguientes errores:
    Desconocido GETDESKTOPWINDOW - Indefinido

Programa c:\fwsu\prg\listaantasie.prg tiene los siguientes errores:
    Informe ASIENTO2 - Indefinido

Programa c:\fwsu\prg\lqautom-integrarl.prg tiene los siguientes errores:
    Programa CGTALLER - Indefinido

Formulario c:\fwsu\forms\acercade.scx tiene los siguientes errores:
    Biblioteca de clases visuales _BASE - Indefinido

Formulario c:\fwsu\forms\asiento.scx tiene los siguientes errores:
    Biblioteca de clases visuales _BASE - Indefinido

Formulario c:\fwsu\forms\comentarios.scx tiene los siguientes errores:
    Biblioteca de clases visuales _FRAMEWK - Indefinido

Formulario c:\fwsu\forms\conceptos.scx tiene los siguientes errores:
    Biblioteca de clases visuales WIZSTND - Indefinido

Formulario c:\fwsu\forms\fmmodelo.scx tiene los siguientes errores:
    Biblioteca de clases visuales _FRAMEWK - Indefinido

Formulario c:\fwsu\forms\selempre.scx tiene los siguientes errores:
    Proc./Func. CONFIGUR - Indefinido

Biblioteca de clases visuales c:\fwsu\clases\_datetime.vcx tiene los siguientes errores:
    Biblioteca de clases visuales _BASE - Indefinido

Biblioteca de clases visuales c:\fwsu\clases\vfpcalendar.vcx tiene los siguientes errores:
    Archivo CALDROPDOWN.BMP - Indefinido

Programa c:\suerut\empre3\fugral.fxp tiene los siguientes errores:
    Desconocido FIELDNAME - Indefinido
    Desconocido WARNING - Indefinido

